

Processing Rails::InfoController#properties (for 127.0.0.1 at 2009-01-26 15:05:07) [GET]


Processing Rails::InfoController#properties (for 127.0.0.1 at 2009-01-26 15:05:07) [GET]


MissingSourceFile (no such file to load -- sqlite3):
    /opt/local/lib/ruby/site_ruby/1.8/rubygems/custom_require.rb:31:in `gem_original_require'
    /opt/local/lib/ruby/site_ruby/1.8/rubygems/custom_require.rb:31:in `require'
    /opt/local/lib/ruby/gems/1.8/gems/activesupport-2.2.2/lib/active_support/dependencies.rb:153:in `require'
    /opt/local/lib/ruby/gems/1.8/gems/activesupport-2.2.2/lib/active_support/dependencies.rb:521:in `new_constants_in'
    /opt/local/lib/ruby/gems/1.8/gems/activesupport-2.2.2/lib/active_support/dependencies.rb:153:in `require'
    /opt/local/lib/ruby/gems/1.8/gems/activesupport-2.2.2/lib/active_support/core_ext/kernel/requires.rb:7:in `require_library_or_gem'
    /opt/local/lib/ruby/gems/1.8/gems/activesupport-2.2.2/lib/active_support/core_ext/kernel/reporting.rb:11:in `silence_warnings'
    /opt/local/lib/ruby/gems/1.8/gems/activesupport-2.2.2/lib/active_support/core_ext/kernel/requires.rb:5:in `require_library_or_gem'
    /opt/local/lib/ruby/gems/1.8/gems/activerecord-2.2.2/lib/active_record/connection_adapters/sqlite3_adapter.rb:10:in `sqlite3_connection'
    /opt/local/lib/ruby/gems/1.8/gems/activerecord-2.2.2/lib/active_record/connection_adapters/abstract/connection_pool.rb:223:in `send'
    /opt/local/lib/ruby/gems/1.8/gems/activerecord-2.2.2/lib/active_record/connection_adapters/abstract/connection_pool.rb:223:in `new_connection'
    /opt/local/lib/ruby/gems/1.8/gems/activerecord-2.2.2/lib/active_record/connection_adapters/abstract/connection_pool.rb:245:in `checkout_new_connection'
    /opt/local/lib/ruby/gems/1.8/gems/activerecord-2.2.2/lib/active_record/connection_adapters/abstract/connection_pool.rb:188:in `checkout'
    /opt/local/lib/ruby/gems/1.8/gems/activerecord-2.2.2/lib/active_record/connection_adapters/abstract/connection_pool.rb:184:in `loop'
    /opt/local/lib/ruby/gems/1.8/gems/activerecord-2.2.2/lib/active_record/connection_adapters/abstract/connection_pool.rb:184:in `checkout'
    /opt/local/lib/ruby/1.8/monitor.rb:238:in `synchronize'
    /opt/local/lib/ruby/gems/1.8/gems/activerecord-2.2.2/lib/active_record/connection_adapters/abstract/connection_pool.rb:183:in `checkout'
    /opt/local/lib/ruby/gems/1.8/gems/activerecord-2.2.2/lib/active_record/connection_adapters/abstract/connection_pool.rb:98:in `connection'
    /opt/local/lib/ruby/gems/1.8/gems/activerecord-2.2.2/lib/active_record/connection_adapters/abstract/connection_pool.rb:326:in `retrieve_connection'
    /opt/local/lib/ruby/gems/1.8/gems/activerecord-2.2.2/lib/active_record/connection_adapters/abstract/connection_specification.rb:121:in `retrieve_connection'
    /opt/local/lib/ruby/gems/1.8/gems/activerecord-2.2.2/lib/active_record/connection_adapters/abstract/connection_specification.rb:113:in `connection'
    /opt/local/lib/ruby/gems/1.8/gems/activerecord-2.2.2/lib/active_record/query_cache.rb:8:in `cache'
    /opt/local/lib/ruby/gems/1.8/gems/actionpack-2.2.2/lib/action_controller/caching/sql_cache.rb:12:in `perform_action'
    /opt/local/lib/ruby/gems/1.8/gems/actionpack-2.2.2/lib/action_controller/base.rb:524:in `send'
    /opt/local/lib/ruby/gems/1.8/gems/actionpack-2.2.2/lib/action_controller/base.rb:524:in `process_without_filters'
    /opt/local/lib/ruby/gems/1.8/gems/actionpack-2.2.2/lib/action_controller/filters.rb:606:in `process_without_session_management_support'
    /opt/local/lib/ruby/gems/1.8/gems/actionpack-2.2.2/lib/action_controller/session_management.rb:134:in `process'
    /opt/local/lib/ruby/gems/1.8/gems/actionpack-2.2.2/lib/action_controller/base.rb:392:in `process'
    /opt/local/lib/ruby/gems/1.8/gems/actionpack-2.2.2/lib/action_controller/dispatcher.rb:183:in `handle_request'
    /opt/local/lib/ruby/gems/1.8/gems/actionpack-2.2.2/lib/action_controller/dispatcher.rb:110:in `dispatch_unlocked'
    /opt/local/lib/ruby/gems/1.8/gems/actionpack-2.2.2/lib/action_controller/dispatcher.rb:123:in `dispatch'
    /opt/local/lib/ruby/gems/1.8/gems/actionpack-2.2.2/lib/action_controller/dispatcher.rb:122:in `synchronize'
    /opt/local/lib/ruby/gems/1.8/gems/actionpack-2.2.2/lib/action_controller/dispatcher.rb:122:in `dispatch'
    /opt/local/lib/ruby/gems/1.8/gems/actionpack-2.2.2/lib/action_controller/dispatcher.rb:132:in `dispatch_cgi'
    /opt/local/lib/ruby/gems/1.8/gems/actionpack-2.2.2/lib/action_controller/dispatcher.rb:39:in `dispatch'
    /opt/local/lib/ruby/gems/1.8/gems/rails-2.2.2/lib/webrick_server.rb:103:in `handle_dispatch'
    /opt/local/lib/ruby/gems/1.8/gems/rails-2.2.2/lib/webrick_server.rb:74:in `service'
    /opt/local/lib/ruby/1.8/webrick/httpserver.rb:104:in `service'
    /opt/local/lib/ruby/1.8/webrick/httpserver.rb:65:in `run'
    /opt/local/lib/ruby/1.8/webrick/server.rb:173:in `start_thread'
    /opt/local/lib/ruby/1.8/webrick/server.rb:162:in `start'
    /opt/local/lib/ruby/1.8/webrick/server.rb:162:in `start_thread'
    /opt/local/lib/ruby/1.8/webrick/server.rb:95:in `start'
    /opt/local/lib/ruby/1.8/webrick/server.rb:92:in `each'
    /opt/local/lib/ruby/1.8/webrick/server.rb:92:in `start'
    /opt/local/lib/ruby/1.8/webrick/server.rb:23:in `start'
    /opt/local/lib/ruby/1.8/webrick/server.rb:82:in `start'
    /opt/local/lib/ruby/gems/1.8/gems/rails-2.2.2/lib/webrick_server.rb:60:in `dispatch'
    /opt/local/lib/ruby/gems/1.8/gems/rails-2.2.2/lib/commands/servers/webrick.rb:66
    /opt/local/lib/ruby/site_ruby/1.8/rubygems/custom_require.rb:31:in `gem_original_require'
    /opt/local/lib/ruby/site_ruby/1.8/rubygems/custom_require.rb:31:in `require'
    /opt/local/lib/ruby/gems/1.8/gems/activesupport-2.2.2/lib/active_support/dependencies.rb:153:in `require'
    /opt/local/lib/ruby/gems/1.8/gems/activesupport-2.2.2/lib/active_support/dependencies.rb:521:in `new_constants_in'
    /opt/local/lib/ruby/gems/1.8/gems/activesupport-2.2.2/lib/active_support/dependencies.rb:153:in `require'
    /opt/local/lib/ruby/gems/1.8/gems/rails-2.2.2/lib/commands/server.rb:49
    /opt/local/lib/ruby/site_ruby/1.8/rubygems/custom_require.rb:31:in `gem_original_require'
    /opt/local/lib/ruby/site_ruby/1.8/rubygems/custom_require.rb:31:in `require'
    script/server:3

Rendered /opt/local/lib/ruby/gems/1.8/gems/actionpack-2.2.2/lib/action_controller/templates/rescues/_trace (152.5ms)
Rendered /opt/local/lib/ruby/gems/1.8/gems/actionpack-2.2.2/lib/action_controller/templates/rescues/_request_and_response (4.0ms)
Rendering /opt/local/lib/ruby/gems/1.8/gems/actionpack-2.2.2/lib/action_controller/templates/rescues/layout.erb (internal_server_error)


Processing Rails::InfoController#properties (for 127.0.0.1 at 2009-01-27 09:56:14) [GET]
  [4;36;1mSQL (25.1ms)[0m   [0;1m SELECT name
 FROM sqlite_master
 WHERE type = 'table' AND NOT name = 'sqlite_sequence'
[0m
Completed in 107ms (View: 3, DB: 25) | 200 OK [http://localhost/rails/info/properties]


Processing Rails::InfoController#properties (for 127.0.0.1 at 2009-01-27 10:04:39) [GET]
  [4;35;1mSQL (2.4ms)[0m   [0m SELECT name
 FROM sqlite_master
 WHERE type = 'table' AND NOT name = 'sqlite_sequence'
[0m
Completed in 43ms (View: 3, DB: 2) | 200 OK [http://localhost/rails/info/properties]


Processing Rails::InfoController#properties (for 127.0.0.1 at 2009-01-27 10:05:53) [GET]
  [4;36;1mSQL (2.6ms)[0m   [0;1m SELECT name
 FROM sqlite_master
 WHERE type = 'table' AND NOT name = 'sqlite_sequence'
[0m
Completed in 44ms (View: 3, DB: 3) | 200 OK [http://localhost/rails/info/properties]


Processing Rails::InfoController#properties (for 127.0.0.1 at 2009-01-27 10:09:25) [GET]


Processing Rails::InfoController#properties (for 127.0.0.1 at 2009-01-27 10:09:26) [GET]


MissingSourceFile (no such file to load -- mysql):
    /opt/local/lib/ruby/site_ruby/1.8/rubygems/custom_require.rb:31:in `gem_original_require'
    /opt/local/lib/ruby/site_ruby/1.8/rubygems/custom_require.rb:31:in `require'
    /opt/local/lib/ruby/gems/1.8/gems/activesupport-2.2.2/lib/active_support/dependencies.rb:153:in `require'
    /opt/local/lib/ruby/gems/1.8/gems/activesupport-2.2.2/lib/active_support/dependencies.rb:521:in `new_constants_in'
    /opt/local/lib/ruby/gems/1.8/gems/activesupport-2.2.2/lib/active_support/dependencies.rb:153:in `require'
    /opt/local/lib/ruby/gems/1.8/gems/activesupport-2.2.2/lib/active_support/core_ext/kernel/requires.rb:7:in `require_library_or_gem'
    /opt/local/lib/ruby/gems/1.8/gems/activesupport-2.2.2/lib/active_support/core_ext/kernel/reporting.rb:11:in `silence_warnings'
    /opt/local/lib/ruby/gems/1.8/gems/activesupport-2.2.2/lib/active_support/core_ext/kernel/requires.rb:5:in `require_library_or_gem'
    /opt/local/lib/ruby/gems/1.8/gems/activerecord-2.2.2/lib/active_record/connection_adapters/mysql_adapter.rb:63:in `mysql_connection'
    /opt/local/lib/ruby/gems/1.8/gems/activerecord-2.2.2/lib/active_record/connection_adapters/abstract/connection_pool.rb:223:in `send'
    /opt/local/lib/ruby/gems/1.8/gems/activerecord-2.2.2/lib/active_record/connection_adapters/abstract/connection_pool.rb:223:in `new_connection'
    /opt/local/lib/ruby/gems/1.8/gems/activerecord-2.2.2/lib/active_record/connection_adapters/abstract/connection_pool.rb:245:in `checkout_new_connection'
    /opt/local/lib/ruby/gems/1.8/gems/activerecord-2.2.2/lib/active_record/connection_adapters/abstract/connection_pool.rb:188:in `checkout'
    /opt/local/lib/ruby/gems/1.8/gems/activerecord-2.2.2/lib/active_record/connection_adapters/abstract/connection_pool.rb:184:in `loop'
    /opt/local/lib/ruby/gems/1.8/gems/activerecord-2.2.2/lib/active_record/connection_adapters/abstract/connection_pool.rb:184:in `checkout'
    /opt/local/lib/ruby/1.8/monitor.rb:238:in `synchronize'
    /opt/local/lib/ruby/gems/1.8/gems/activerecord-2.2.2/lib/active_record/connection_adapters/abstract/connection_pool.rb:183:in `checkout'
    /opt/local/lib/ruby/gems/1.8/gems/activerecord-2.2.2/lib/active_record/connection_adapters/abstract/connection_pool.rb:98:in `connection'
    /opt/local/lib/ruby/gems/1.8/gems/activerecord-2.2.2/lib/active_record/connection_adapters/abstract/connection_pool.rb:326:in `retrieve_connection'
    /opt/local/lib/ruby/gems/1.8/gems/activerecord-2.2.2/lib/active_record/connection_adapters/abstract/connection_specification.rb:121:in `retrieve_connection'
    /opt/local/lib/ruby/gems/1.8/gems/activerecord-2.2.2/lib/active_record/connection_adapters/abstract/connection_specification.rb:113:in `connection'
    /opt/local/lib/ruby/gems/1.8/gems/activerecord-2.2.2/lib/active_record/query_cache.rb:8:in `cache'
    /opt/local/lib/ruby/gems/1.8/gems/actionpack-2.2.2/lib/action_controller/caching/sql_cache.rb:12:in `perform_action'
    /opt/local/lib/ruby/gems/1.8/gems/actionpack-2.2.2/lib/action_controller/base.rb:524:in `send'
    /opt/local/lib/ruby/gems/1.8/gems/actionpack-2.2.2/lib/action_controller/base.rb:524:in `process_without_filters'
    /opt/local/lib/ruby/gems/1.8/gems/actionpack-2.2.2/lib/action_controller/filters.rb:606:in `process_without_session_management_support'
    /opt/local/lib/ruby/gems/1.8/gems/actionpack-2.2.2/lib/action_controller/session_management.rb:134:in `process'
    /opt/local/lib/ruby/gems/1.8/gems/actionpack-2.2.2/lib/action_controller/base.rb:392:in `process'
    /opt/local/lib/ruby/gems/1.8/gems/actionpack-2.2.2/lib/action_controller/dispatcher.rb:183:in `handle_request'
    /opt/local/lib/ruby/gems/1.8/gems/actionpack-2.2.2/lib/action_controller/dispatcher.rb:110:in `dispatch_unlocked'
    /opt/local/lib/ruby/gems/1.8/gems/actionpack-2.2.2/lib/action_controller/dispatcher.rb:123:in `dispatch'
    /opt/local/lib/ruby/gems/1.8/gems/actionpack-2.2.2/lib/action_controller/dispatcher.rb:122:in `synchronize'
    /opt/local/lib/ruby/gems/1.8/gems/actionpack-2.2.2/lib/action_controller/dispatcher.rb:122:in `dispatch'
    /opt/local/lib/ruby/gems/1.8/gems/actionpack-2.2.2/lib/action_controller/dispatcher.rb:132:in `dispatch_cgi'
    /opt/local/lib/ruby/gems/1.8/gems/actionpack-2.2.2/lib/action_controller/dispatcher.rb:39:in `dispatch'
    /opt/local/lib/ruby/gems/1.8/gems/rails-2.2.2/lib/webrick_server.rb:103:in `handle_dispatch'
    /opt/local/lib/ruby/gems/1.8/gems/rails-2.2.2/lib/webrick_server.rb:74:in `service'
    /opt/local/lib/ruby/1.8/webrick/httpserver.rb:104:in `service'
    /opt/local/lib/ruby/1.8/webrick/httpserver.rb:65:in `run'
    /opt/local/lib/ruby/1.8/webrick/server.rb:173:in `start_thread'
    /opt/local/lib/ruby/1.8/webrick/server.rb:162:in `start'
    /opt/local/lib/ruby/1.8/webrick/server.rb:162:in `start_thread'
    /opt/local/lib/ruby/1.8/webrick/server.rb:95:in `start'
    /opt/local/lib/ruby/1.8/webrick/server.rb:92:in `each'
    /opt/local/lib/ruby/1.8/webrick/server.rb:92:in `start'
    /opt/local/lib/ruby/1.8/webrick/server.rb:23:in `start'
    /opt/local/lib/ruby/1.8/webrick/server.rb:82:in `start'
    /opt/local/lib/ruby/gems/1.8/gems/rails-2.2.2/lib/webrick_server.rb:60:in `dispatch'
    /opt/local/lib/ruby/gems/1.8/gems/rails-2.2.2/lib/commands/servers/webrick.rb:66
    /opt/local/lib/ruby/site_ruby/1.8/rubygems/custom_require.rb:31:in `gem_original_require'
    /opt/local/lib/ruby/site_ruby/1.8/rubygems/custom_require.rb:31:in `require'
    /opt/local/lib/ruby/gems/1.8/gems/activesupport-2.2.2/lib/active_support/dependencies.rb:153:in `require'
    /opt/local/lib/ruby/gems/1.8/gems/activesupport-2.2.2/lib/active_support/dependencies.rb:521:in `new_constants_in'
    /opt/local/lib/ruby/gems/1.8/gems/activesupport-2.2.2/lib/active_support/dependencies.rb:153:in `require'
    /opt/local/lib/ruby/gems/1.8/gems/rails-2.2.2/lib/commands/server.rb:49
    /opt/local/lib/ruby/site_ruby/1.8/rubygems/custom_require.rb:31:in `gem_original_require'
    /opt/local/lib/ruby/site_ruby/1.8/rubygems/custom_require.rb:31:in `require'
    script/server:3

Rendered /opt/local/lib/ruby/gems/1.8/gems/actionpack-2.2.2/lib/action_controller/templates/rescues/_trace (150.8ms)
Rendered /opt/local/lib/ruby/gems/1.8/gems/actionpack-2.2.2/lib/action_controller/templates/rescues/_request_and_response (3.8ms)
Rendering /opt/local/lib/ruby/gems/1.8/gems/actionpack-2.2.2/lib/action_controller/templates/rescues/layout.erb (internal_server_error)


Processing Rails::InfoController#properties (for 127.0.0.1 at 2009-01-27 10:19:14) [GET]


Processing Rails::InfoController#properties (for 127.0.0.1 at 2009-01-27 10:19:14) [GET]


LoadError (Failed to load /opt/local/lib/ruby/gems/1.8/gems/mysql-2.7/lib/mysql.bundle):
    /opt/local/lib/ruby/gems/1.8/gems/mysql-2.7/lib/mysql.bundle
    /opt/local/lib/ruby/site_ruby/1.8/rubygems/custom_require.rb:36:in `require'
    /opt/local/lib/ruby/gems/1.8/gems/activesupport-2.2.2/lib/active_support/dependencies.rb:153:in `require'
    /opt/local/lib/ruby/gems/1.8/gems/activesupport-2.2.2/lib/active_support/dependencies.rb:521:in `new_constants_in'
    /opt/local/lib/ruby/gems/1.8/gems/activesupport-2.2.2/lib/active_support/dependencies.rb:153:in `require'
    /opt/local/lib/ruby/gems/1.8/gems/activesupport-2.2.2/lib/active_support/core_ext/kernel/requires.rb:7:in `require_library_or_gem'
    /opt/local/lib/ruby/gems/1.8/gems/activesupport-2.2.2/lib/active_support/core_ext/kernel/reporting.rb:11:in `silence_warnings'
    /opt/local/lib/ruby/gems/1.8/gems/activesupport-2.2.2/lib/active_support/core_ext/kernel/requires.rb:5:in `require_library_or_gem'
    /opt/local/lib/ruby/gems/1.8/gems/activerecord-2.2.2/lib/active_record/connection_adapters/mysql_adapter.rb:63:in `mysql_connection'
    /opt/local/lib/ruby/gems/1.8/gems/activerecord-2.2.2/lib/active_record/connection_adapters/abstract/connection_pool.rb:223:in `send'
    /opt/local/lib/ruby/gems/1.8/gems/activerecord-2.2.2/lib/active_record/connection_adapters/abstract/connection_pool.rb:223:in `new_connection'
    /opt/local/lib/ruby/gems/1.8/gems/activerecord-2.2.2/lib/active_record/connection_adapters/abstract/connection_pool.rb:245:in `checkout_new_connection'
    /opt/local/lib/ruby/gems/1.8/gems/activerecord-2.2.2/lib/active_record/connection_adapters/abstract/connection_pool.rb:188:in `checkout'
    /opt/local/lib/ruby/gems/1.8/gems/activerecord-2.2.2/lib/active_record/connection_adapters/abstract/connection_pool.rb:184:in `loop'
    /opt/local/lib/ruby/gems/1.8/gems/activerecord-2.2.2/lib/active_record/connection_adapters/abstract/connection_pool.rb:184:in `checkout'
    /opt/local/lib/ruby/1.8/monitor.rb:238:in `synchronize'
    /opt/local/lib/ruby/gems/1.8/gems/activerecord-2.2.2/lib/active_record/connection_adapters/abstract/connection_pool.rb:183:in `checkout'
    /opt/local/lib/ruby/gems/1.8/gems/activerecord-2.2.2/lib/active_record/connection_adapters/abstract/connection_pool.rb:98:in `connection'
    /opt/local/lib/ruby/gems/1.8/gems/activerecord-2.2.2/lib/active_record/connection_adapters/abstract/connection_pool.rb:326:in `retrieve_connection'
    /opt/local/lib/ruby/gems/1.8/gems/activerecord-2.2.2/lib/active_record/connection_adapters/abstract/connection_specification.rb:121:in `retrieve_connection'
    /opt/local/lib/ruby/gems/1.8/gems/activerecord-2.2.2/lib/active_record/connection_adapters/abstract/connection_specification.rb:113:in `connection'
    /opt/local/lib/ruby/gems/1.8/gems/activerecord-2.2.2/lib/active_record/query_cache.rb:8:in `cache'
    /opt/local/lib/ruby/gems/1.8/gems/actionpack-2.2.2/lib/action_controller/caching/sql_cache.rb:12:in `perform_action'
    /opt/local/lib/ruby/gems/1.8/gems/actionpack-2.2.2/lib/action_controller/base.rb:524:in `send'
    /opt/local/lib/ruby/gems/1.8/gems/actionpack-2.2.2/lib/action_controller/base.rb:524:in `process_without_filters'
    /opt/local/lib/ruby/gems/1.8/gems/actionpack-2.2.2/lib/action_controller/filters.rb:606:in `process_without_session_management_support'
    /opt/local/lib/ruby/gems/1.8/gems/actionpack-2.2.2/lib/action_controller/session_management.rb:134:in `process'
    /opt/local/lib/ruby/gems/1.8/gems/actionpack-2.2.2/lib/action_controller/base.rb:392:in `process'
    /opt/local/lib/ruby/gems/1.8/gems/actionpack-2.2.2/lib/action_controller/dispatcher.rb:183:in `handle_request'
    /opt/local/lib/ruby/gems/1.8/gems/actionpack-2.2.2/lib/action_controller/dispatcher.rb:110:in `dispatch_unlocked'
    /opt/local/lib/ruby/gems/1.8/gems/actionpack-2.2.2/lib/action_controller/dispatcher.rb:123:in `dispatch'
    /opt/local/lib/ruby/gems/1.8/gems/actionpack-2.2.2/lib/action_controller/dispatcher.rb:122:in `synchronize'
    /opt/local/lib/ruby/gems/1.8/gems/actionpack-2.2.2/lib/action_controller/dispatcher.rb:122:in `dispatch'
    /opt/local/lib/ruby/gems/1.8/gems/actionpack-2.2.2/lib/action_controller/dispatcher.rb:132:in `dispatch_cgi'
    /opt/local/lib/ruby/gems/1.8/gems/actionpack-2.2.2/lib/action_controller/dispatcher.rb:39:in `dispatch'
    /opt/local/lib/ruby/gems/1.8/gems/rails-2.2.2/lib/webrick_server.rb:103:in `handle_dispatch'
    /opt/local/lib/ruby/gems/1.8/gems/rails-2.2.2/lib/webrick_server.rb:74:in `service'
    /opt/local/lib/ruby/1.8/webrick/httpserver.rb:104:in `service'
    /opt/local/lib/ruby/1.8/webrick/httpserver.rb:65:in `run'
    /opt/local/lib/ruby/1.8/webrick/server.rb:173:in `start_thread'
    /opt/local/lib/ruby/1.8/webrick/server.rb:162:in `start'
    /opt/local/lib/ruby/1.8/webrick/server.rb:162:in `start_thread'
    /opt/local/lib/ruby/1.8/webrick/server.rb:95:in `start'
    /opt/local/lib/ruby/1.8/webrick/server.rb:92:in `each'
    /opt/local/lib/ruby/1.8/webrick/server.rb:92:in `start'
    /opt/local/lib/ruby/1.8/webrick/server.rb:23:in `start'
    /opt/local/lib/ruby/1.8/webrick/server.rb:82:in `start'
    /opt/local/lib/ruby/gems/1.8/gems/rails-2.2.2/lib/webrick_server.rb:60:in `dispatch'
    /opt/local/lib/ruby/gems/1.8/gems/rails-2.2.2/lib/commands/servers/webrick.rb:66
    /opt/local/lib/ruby/site_ruby/1.8/rubygems/custom_require.rb:31:in `gem_original_require'
    /opt/local/lib/ruby/site_ruby/1.8/rubygems/custom_require.rb:31:in `require'
    /opt/local/lib/ruby/gems/1.8/gems/activesupport-2.2.2/lib/active_support/dependencies.rb:153:in `require'
    /opt/local/lib/ruby/gems/1.8/gems/activesupport-2.2.2/lib/active_support/dependencies.rb:521:in `new_constants_in'
    /opt/local/lib/ruby/gems/1.8/gems/activesupport-2.2.2/lib/active_support/dependencies.rb:153:in `require'
    /opt/local/lib/ruby/gems/1.8/gems/rails-2.2.2/lib/commands/server.rb:49
    /opt/local/lib/ruby/site_ruby/1.8/rubygems/custom_require.rb:31:in `gem_original_require'
    /opt/local/lib/ruby/site_ruby/1.8/rubygems/custom_require.rb:31:in `require'
    script/server:3

Rendered /opt/local/lib/ruby/gems/1.8/gems/actionpack-2.2.2/lib/action_controller/templates/rescues/_trace (152.6ms)
Rendered /opt/local/lib/ruby/gems/1.8/gems/actionpack-2.2.2/lib/action_controller/templates/rescues/_request_and_response (4.0ms)
Rendering /opt/local/lib/ruby/gems/1.8/gems/actionpack-2.2.2/lib/action_controller/templates/rescues/layout.erb (internal_server_error)


Processing Rails::InfoController#properties (for 127.0.0.1 at 2009-01-27 10:20:14) [GET]


Processing Rails::InfoController#properties (for 127.0.0.1 at 2009-01-27 10:20:14) [GET]


LoadError (Failed to load /opt/local/lib/ruby/gems/1.8/gems/mysql-2.7/lib/mysql.bundle):
    /opt/local/lib/ruby/gems/1.8/gems/mysql-2.7/lib/mysql.bundle
    /opt/local/lib/ruby/site_ruby/1.8/rubygems/custom_require.rb:36:in `require'
    /opt/local/lib/ruby/gems/1.8/gems/activesupport-2.2.2/lib/active_support/dependencies.rb:153:in `require'
    /opt/local/lib/ruby/gems/1.8/gems/activesupport-2.2.2/lib/active_support/dependencies.rb:521:in `new_constants_in'
    /opt/local/lib/ruby/gems/1.8/gems/activesupport-2.2.2/lib/active_support/dependencies.rb:153:in `require'
    /opt/local/lib/ruby/gems/1.8/gems/activesupport-2.2.2/lib/active_support/core_ext/kernel/requires.rb:7:in `require_library_or_gem'
    /opt/local/lib/ruby/gems/1.8/gems/activesupport-2.2.2/lib/active_support/core_ext/kernel/reporting.rb:11:in `silence_warnings'
    /opt/local/lib/ruby/gems/1.8/gems/activesupport-2.2.2/lib/active_support/core_ext/kernel/requires.rb:5:in `require_library_or_gem'
    /opt/local/lib/ruby/gems/1.8/gems/activerecord-2.2.2/lib/active_record/connection_adapters/mysql_adapter.rb:63:in `mysql_connection'
    /opt/local/lib/ruby/gems/1.8/gems/activerecord-2.2.2/lib/active_record/connection_adapters/abstract/connection_pool.rb:223:in `send'
    /opt/local/lib/ruby/gems/1.8/gems/activerecord-2.2.2/lib/active_record/connection_adapters/abstract/connection_pool.rb:223:in `new_connection'
    /opt/local/lib/ruby/gems/1.8/gems/activerecord-2.2.2/lib/active_record/connection_adapters/abstract/connection_pool.rb:245:in `checkout_new_connection'
    /opt/local/lib/ruby/gems/1.8/gems/activerecord-2.2.2/lib/active_record/connection_adapters/abstract/connection_pool.rb:188:in `checkout'
    /opt/local/lib/ruby/gems/1.8/gems/activerecord-2.2.2/lib/active_record/connection_adapters/abstract/connection_pool.rb:184:in `loop'
    /opt/local/lib/ruby/gems/1.8/gems/activerecord-2.2.2/lib/active_record/connection_adapters/abstract/connection_pool.rb:184:in `checkout'
    /opt/local/lib/ruby/1.8/monitor.rb:238:in `synchronize'
    /opt/local/lib/ruby/gems/1.8/gems/activerecord-2.2.2/lib/active_record/connection_adapters/abstract/connection_pool.rb:183:in `checkout'
    /opt/local/lib/ruby/gems/1.8/gems/activerecord-2.2.2/lib/active_record/connection_adapters/abstract/connection_pool.rb:98:in `connection'
    /opt/local/lib/ruby/gems/1.8/gems/activerecord-2.2.2/lib/active_record/connection_adapters/abstract/connection_pool.rb:326:in `retrieve_connection'
    /opt/local/lib/ruby/gems/1.8/gems/activerecord-2.2.2/lib/active_record/connection_adapters/abstract/connection_specification.rb:121:in `retrieve_connection'
    /opt/local/lib/ruby/gems/1.8/gems/activerecord-2.2.2/lib/active_record/connection_adapters/abstract/connection_specification.rb:113:in `connection'
    /opt/local/lib/ruby/gems/1.8/gems/activerecord-2.2.2/lib/active_record/query_cache.rb:8:in `cache'
    /opt/local/lib/ruby/gems/1.8/gems/actionpack-2.2.2/lib/action_controller/caching/sql_cache.rb:12:in `perform_action'
    /opt/local/lib/ruby/gems/1.8/gems/actionpack-2.2.2/lib/action_controller/base.rb:524:in `send'
    /opt/local/lib/ruby/gems/1.8/gems/actionpack-2.2.2/lib/action_controller/base.rb:524:in `process_without_filters'
    /opt/local/lib/ruby/gems/1.8/gems/actionpack-2.2.2/lib/action_controller/filters.rb:606:in `process_without_session_management_support'
    /opt/local/lib/ruby/gems/1.8/gems/actionpack-2.2.2/lib/action_controller/session_management.rb:134:in `process'
    /opt/local/lib/ruby/gems/1.8/gems/actionpack-2.2.2/lib/action_controller/base.rb:392:in `process'
    /opt/local/lib/ruby/gems/1.8/gems/actionpack-2.2.2/lib/action_controller/dispatcher.rb:183:in `handle_request'
    /opt/local/lib/ruby/gems/1.8/gems/actionpack-2.2.2/lib/action_controller/dispatcher.rb:110:in `dispatch_unlocked'
    /opt/local/lib/ruby/gems/1.8/gems/actionpack-2.2.2/lib/action_controller/dispatcher.rb:123:in `dispatch'
    /opt/local/lib/ruby/gems/1.8/gems/actionpack-2.2.2/lib/action_controller/dispatcher.rb:122:in `synchronize'
    /opt/local/lib/ruby/gems/1.8/gems/actionpack-2.2.2/lib/action_controller/dispatcher.rb:122:in `dispatch'
    /opt/local/lib/ruby/gems/1.8/gems/actionpack-2.2.2/lib/action_controller/dispatcher.rb:132:in `dispatch_cgi'
    /opt/local/lib/ruby/gems/1.8/gems/actionpack-2.2.2/lib/action_controller/dispatcher.rb:39:in `dispatch'
    /opt/local/lib/ruby/gems/1.8/gems/rails-2.2.2/lib/webrick_server.rb:103:in `handle_dispatch'
    /opt/local/lib/ruby/gems/1.8/gems/rails-2.2.2/lib/webrick_server.rb:74:in `service'
    /opt/local/lib/ruby/1.8/webrick/httpserver.rb:104:in `service'
    /opt/local/lib/ruby/1.8/webrick/httpserver.rb:65:in `run'
    /opt/local/lib/ruby/1.8/webrick/server.rb:173:in `start_thread'
    /opt/local/lib/ruby/1.8/webrick/server.rb:162:in `start'
    /opt/local/lib/ruby/1.8/webrick/server.rb:162:in `start_thread'
    /opt/local/lib/ruby/1.8/webrick/server.rb:95:in `start'
    /opt/local/lib/ruby/1.8/webrick/server.rb:92:in `each'
    /opt/local/lib/ruby/1.8/webrick/server.rb:92:in `start'
    /opt/local/lib/ruby/1.8/webrick/server.rb:23:in `start'
    /opt/local/lib/ruby/1.8/webrick/server.rb:82:in `start'
    /opt/local/lib/ruby/gems/1.8/gems/rails-2.2.2/lib/webrick_server.rb:60:in `dispatch'
    /opt/local/lib/ruby/gems/1.8/gems/rails-2.2.2/lib/commands/servers/webrick.rb:66
    /opt/local/lib/ruby/site_ruby/1.8/rubygems/custom_require.rb:31:in `gem_original_require'
    /opt/local/lib/ruby/site_ruby/1.8/rubygems/custom_require.rb:31:in `require'
    /opt/local/lib/ruby/gems/1.8/gems/activesupport-2.2.2/lib/active_support/dependencies.rb:153:in `require'
    /opt/local/lib/ruby/gems/1.8/gems/activesupport-2.2.2/lib/active_support/dependencies.rb:521:in `new_constants_in'
    /opt/local/lib/ruby/gems/1.8/gems/activesupport-2.2.2/lib/active_support/dependencies.rb:153:in `require'
    /opt/local/lib/ruby/gems/1.8/gems/rails-2.2.2/lib/commands/server.rb:49
    /opt/local/lib/ruby/site_ruby/1.8/rubygems/custom_require.rb:31:in `gem_original_require'
    /opt/local/lib/ruby/site_ruby/1.8/rubygems/custom_require.rb:31:in `require'
    script/server:3

Rendered /opt/local/lib/ruby/gems/1.8/gems/actionpack-2.2.2/lib/action_controller/templates/rescues/_trace (152.3ms)
Rendered /opt/local/lib/ruby/gems/1.8/gems/actionpack-2.2.2/lib/action_controller/templates/rescues/_request_and_response (4.0ms)
Rendering /opt/local/lib/ruby/gems/1.8/gems/actionpack-2.2.2/lib/action_controller/templates/rescues/layout.erb (internal_server_error)


Processing Rails::InfoController#properties (for 127.0.0.1 at 2009-01-27 10:35:40) [GET]


Processing Rails::InfoController#properties (for 127.0.0.1 at 2009-01-27 10:35:40) [GET]


LoadError (Failed to load /opt/local/lib/ruby/gems/1.8/gems/mysql-2.7/lib/mysql.bundle):
    /opt/local/lib/ruby/gems/1.8/gems/mysql-2.7/lib/mysql.bundle
    /opt/local/lib/ruby/site_ruby/1.8/rubygems/custom_require.rb:36:in `require'
    /opt/local/lib/ruby/gems/1.8/gems/activesupport-2.2.2/lib/active_support/dependencies.rb:153:in `require'
    /opt/local/lib/ruby/gems/1.8/gems/activesupport-2.2.2/lib/active_support/dependencies.rb:521:in `new_constants_in'
    /opt/local/lib/ruby/gems/1.8/gems/activesupport-2.2.2/lib/active_support/dependencies.rb:153:in `require'
    /opt/local/lib/ruby/gems/1.8/gems/activesupport-2.2.2/lib/active_support/core_ext/kernel/requires.rb:7:in `require_library_or_gem'
    /opt/local/lib/ruby/gems/1.8/gems/activesupport-2.2.2/lib/active_support/core_ext/kernel/reporting.rb:11:in `silence_warnings'
    /opt/local/lib/ruby/gems/1.8/gems/activesupport-2.2.2/lib/active_support/core_ext/kernel/requires.rb:5:in `require_library_or_gem'
    /opt/local/lib/ruby/gems/1.8/gems/activerecord-2.2.2/lib/active_record/connection_adapters/mysql_adapter.rb:63:in `mysql_connection'
    /opt/local/lib/ruby/gems/1.8/gems/activerecord-2.2.2/lib/active_record/connection_adapters/abstract/connection_pool.rb:223:in `send'
    /opt/local/lib/ruby/gems/1.8/gems/activerecord-2.2.2/lib/active_record/connection_adapters/abstract/connection_pool.rb:223:in `new_connection'
    /opt/local/lib/ruby/gems/1.8/gems/activerecord-2.2.2/lib/active_record/connection_adapters/abstract/connection_pool.rb:245:in `checkout_new_connection'
    /opt/local/lib/ruby/gems/1.8/gems/activerecord-2.2.2/lib/active_record/connection_adapters/abstract/connection_pool.rb:188:in `checkout'
    /opt/local/lib/ruby/gems/1.8/gems/activerecord-2.2.2/lib/active_record/connection_adapters/abstract/connection_pool.rb:184:in `loop'
    /opt/local/lib/ruby/gems/1.8/gems/activerecord-2.2.2/lib/active_record/connection_adapters/abstract/connection_pool.rb:184:in `checkout'
    /opt/local/lib/ruby/1.8/monitor.rb:238:in `synchronize'
    /opt/local/lib/ruby/gems/1.8/gems/activerecord-2.2.2/lib/active_record/connection_adapters/abstract/connection_pool.rb:183:in `checkout'
    /opt/local/lib/ruby/gems/1.8/gems/activerecord-2.2.2/lib/active_record/connection_adapters/abstract/connection_pool.rb:98:in `connection'
    /opt/local/lib/ruby/gems/1.8/gems/activerecord-2.2.2/lib/active_record/connection_adapters/abstract/connection_pool.rb:326:in `retrieve_connection'
    /opt/local/lib/ruby/gems/1.8/gems/activerecord-2.2.2/lib/active_record/connection_adapters/abstract/connection_specification.rb:121:in `retrieve_connection'
    /opt/local/lib/ruby/gems/1.8/gems/activerecord-2.2.2/lib/active_record/connection_adapters/abstract/connection_specification.rb:113:in `connection'
    /opt/local/lib/ruby/gems/1.8/gems/activerecord-2.2.2/lib/active_record/query_cache.rb:8:in `cache'
    /opt/local/lib/ruby/gems/1.8/gems/actionpack-2.2.2/lib/action_controller/caching/sql_cache.rb:12:in `perform_action'
    /opt/local/lib/ruby/gems/1.8/gems/actionpack-2.2.2/lib/action_controller/base.rb:524:in `send'
    /opt/local/lib/ruby/gems/1.8/gems/actionpack-2.2.2/lib/action_controller/base.rb:524:in `process_without_filters'
    /opt/local/lib/ruby/gems/1.8/gems/actionpack-2.2.2/lib/action_controller/filters.rb:606:in `process_without_session_management_support'
    /opt/local/lib/ruby/gems/1.8/gems/actionpack-2.2.2/lib/action_controller/session_management.rb:134:in `process'
    /opt/local/lib/ruby/gems/1.8/gems/actionpack-2.2.2/lib/action_controller/base.rb:392:in `process'
    /opt/local/lib/ruby/gems/1.8/gems/actionpack-2.2.2/lib/action_controller/dispatcher.rb:183:in `handle_request'
    /opt/local/lib/ruby/gems/1.8/gems/actionpack-2.2.2/lib/action_controller/dispatcher.rb:110:in `dispatch_unlocked'
    /opt/local/lib/ruby/gems/1.8/gems/actionpack-2.2.2/lib/action_controller/dispatcher.rb:123:in `dispatch'
    /opt/local/lib/ruby/gems/1.8/gems/actionpack-2.2.2/lib/action_controller/dispatcher.rb:122:in `synchronize'
    /opt/local/lib/ruby/gems/1.8/gems/actionpack-2.2.2/lib/action_controller/dispatcher.rb:122:in `dispatch'
    /opt/local/lib/ruby/gems/1.8/gems/actionpack-2.2.2/lib/action_controller/dispatcher.rb:132:in `dispatch_cgi'
    /opt/local/lib/ruby/gems/1.8/gems/actionpack-2.2.2/lib/action_controller/dispatcher.rb:39:in `dispatch'
    /opt/local/lib/ruby/gems/1.8/gems/rails-2.2.2/lib/webrick_server.rb:103:in `handle_dispatch'
    /opt/local/lib/ruby/gems/1.8/gems/rails-2.2.2/lib/webrick_server.rb:74:in `service'
    /opt/local/lib/ruby/1.8/webrick/httpserver.rb:104:in `service'
    /opt/local/lib/ruby/1.8/webrick/httpserver.rb:65:in `run'
    /opt/local/lib/ruby/1.8/webrick/server.rb:173:in `start_thread'
    /opt/local/lib/ruby/1.8/webrick/server.rb:162:in `start'
    /opt/local/lib/ruby/1.8/webrick/server.rb:162:in `start_thread'
    /opt/local/lib/ruby/1.8/webrick/server.rb:95:in `start'
    /opt/local/lib/ruby/1.8/webrick/server.rb:92:in `each'
    /opt/local/lib/ruby/1.8/webrick/server.rb:92:in `start'
    /opt/local/lib/ruby/1.8/webrick/server.rb:23:in `start'
    /opt/local/lib/ruby/1.8/webrick/server.rb:82:in `start'
    /opt/local/lib/ruby/gems/1.8/gems/rails-2.2.2/lib/webrick_server.rb:60:in `dispatch'
    /opt/local/lib/ruby/gems/1.8/gems/rails-2.2.2/lib/commands/servers/webrick.rb:66
    /opt/local/lib/ruby/site_ruby/1.8/rubygems/custom_require.rb:31:in `gem_original_require'
    /opt/local/lib/ruby/site_ruby/1.8/rubygems/custom_require.rb:31:in `require'
    /opt/local/lib/ruby/gems/1.8/gems/activesupport-2.2.2/lib/active_support/dependencies.rb:153:in `require'
    /opt/local/lib/ruby/gems/1.8/gems/activesupport-2.2.2/lib/active_support/dependencies.rb:521:in `new_constants_in'
    /opt/local/lib/ruby/gems/1.8/gems/activesupport-2.2.2/lib/active_support/dependencies.rb:153:in `require'
    /opt/local/lib/ruby/gems/1.8/gems/rails-2.2.2/lib/commands/server.rb:49
    /opt/local/lib/ruby/site_ruby/1.8/rubygems/custom_require.rb:31:in `gem_original_require'
    /opt/local/lib/ruby/site_ruby/1.8/rubygems/custom_require.rb:31:in `require'
    script/server:3

Rendered /opt/local/lib/ruby/gems/1.8/gems/actionpack-2.2.2/lib/action_controller/templates/rescues/_trace (149.3ms)
Rendered /opt/local/lib/ruby/gems/1.8/gems/actionpack-2.2.2/lib/action_controller/templates/rescues/_request_and_response (3.9ms)
Rendering /opt/local/lib/ruby/gems/1.8/gems/actionpack-2.2.2/lib/action_controller/templates/rescues/layout.erb (internal_server_error)


Processing Rails::InfoController#properties (for 127.0.0.1 at 2009-01-27 10:37:41) [GET]
  [4;36;1mSQL (32.1ms)[0m   [0;1m SELECT name
 FROM sqlite_master
 WHERE type = 'table' AND NOT name = 'sqlite_sequence'
[0m
Completed in 119ms (View: 3, DB: 32) | 200 OK [http://localhost/rails/info/properties]
  [4;36;1mSQL (3.9ms)[0m   [0;1m SELECT name
 FROM sqlite_master
 WHERE type = 'table' AND NOT name = 'sqlite_sequence'
[0m
  [4;35;1mSQL (1.7ms)[0m   [0mselect sqlite_version(*)[0m
  [4;36;1mSQL (192.2ms)[0m   [0;1mCREATE TABLE "schema_migrations" ("version" varchar(255) NOT NULL) [0m
  [4;35;1mSQL (195.5ms)[0m   [0mCREATE UNIQUE INDEX "unique_schema_migrations" ON "schema_migrations" ("version")[0m
  [4;36;1mSQL (3.3ms)[0m   [0;1m SELECT name
 FROM sqlite_master
 WHERE type = 'table' AND NOT name = 'sqlite_sequence'
[0m
  [4;35;1mSQL (1.3ms)[0m   [0mSELECT version FROM schema_migrations[0m
Migrating to CreateImages (20090127172508)
  [4;36;1mSQL (176.5ms)[0m   [0;1mCREATE TABLE "images" ("id" INTEGER PRIMARY KEY AUTOINCREMENT NOT NULL, "url" varchar(255), "description" text, "name" varchar(255), "user_id" integer, "created_at" datetime, "updated_at" datetime) [0m
  [4;35;1mSQL (199.2ms)[0m   [0mINSERT INTO schema_migrations (version) VALUES ('20090127172508')[0m
Migrating to CreateSizes (20090127172602)
  [4;36;1mSQL (7.9ms)[0m   [0;1m SELECT name
 FROM sqlite_master
 WHERE type = 'table' AND NOT name = 'sqlite_sequence'
[0m
  [4;35;1mSQL (2.0ms)[0m   [0mSELECT version FROM schema_migrations[0m
Migrating to CreateImages (20090127172508)
Migrating to CreateSizes (20090127172602)
  [4;36;1mSQL (2.2ms)[0m   [0;1mselect sqlite_version(*)[0m
  [4;35;1mSQL (211.6ms)[0m   [0mCREATE TABLE "sizes" ("id" INTEGER PRIMARY KEY AUTOINCREMENT NOT NULL, "image_id" integer, "file_path" varchar(255), "width" float, "height" float, "description_of_size" text, "created_at" datetime, "updated_at" datetime) [0m
  [4;36;1mSQL (164.4ms)[0m   [0;1mINSERT INTO schema_migrations (version) VALUES ('20090127172602')[0m
Migrating to CreateUsers (20090127172650)
  [4;35;1mSQL (248.9ms)[0m   [0mCREATE TABLE "users" ("id" INTEGER PRIMARY KEY AUTOINCREMENT NOT NULL, "email" varchar(255), "password" varchar(255), "created_at" datetime, "updated_at" datetime) [0m
  [4;36;1mSQL (186.7ms)[0m   [0;1mINSERT INTO schema_migrations (version) VALUES ('20090127172650')[0m
Migrating to CreateTags (20090127172724)
  [4;35;1mSQL (190.8ms)[0m   [0mCREATE TABLE "tags" ("id" INTEGER PRIMARY KEY AUTOINCREMENT NOT NULL, "tag" varchar(255), "created_at" datetime, "updated_at" datetime) [0m
  [4;36;1mSQL (220.6ms)[0m   [0;1mINSERT INTO schema_migrations (version) VALUES ('20090127172724')[0m
  [4;35;1mSQL (4.3ms)[0m   [0m SELECT name
 FROM sqlite_master
 WHERE type = 'table' AND NOT name = 'sqlite_sequence'
[0m
  [4;36;1mSQL (3.3ms)[0m   [0;1mSELECT version FROM schema_migrations[0m
  [4;35;1mSQL (3.6ms)[0m   [0m SELECT name
 FROM sqlite_master
 WHERE type = 'table' AND NOT name = 'sqlite_sequence'
[0m
  [4;36;1mSQL (0.8ms)[0m   [0;1mPRAGMA index_list("images")[0m
  [4;35;1mSQL (0.5ms)[0m   [0mPRAGMA index_list("sizes")[0m
  [4;36;1mSQL (0.4ms)[0m   [0;1mPRAGMA index_list("tags")[0m
  [4;35;1mSQL (0.6ms)[0m   [0mPRAGMA index_list("users")[0m


Processing Rails::InfoController#properties (for 127.0.0.1 at 2009-01-27 11:42:10) [GET]
  [4;36;1mSQL (12.0ms)[0m   [0;1m SELECT name
 FROM sqlite_master
 WHERE type = 'table' AND NOT name = 'sqlite_sequence'
[0m
  [4;35;1mSQL (2.5ms)[0m   [0mSELECT version FROM schema_migrations[0m
Completed in 65ms (View: 2, DB: 14) | 200 OK [http://localhost/rails/info/properties]


Processing ApplicationController#index (for 127.0.0.1 at 2009-01-27 11:42:17) [GET]


ActionController::RoutingError (No route matches "/image" with {:method=>:get}):
    /opt/local/lib/ruby/gems/1.8/gems/actionpack-2.2.2/lib/action_controller/routing/recognition_optimisation.rb:66:in `recognize_path'
    /opt/local/lib/ruby/gems/1.8/gems/actionpack-2.2.2/lib/action_controller/routing/route_set.rb:386:in `recognize'
    /opt/local/lib/ruby/gems/1.8/gems/actionpack-2.2.2/lib/action_controller/dispatcher.rb:182:in `handle_request'
    /opt/local/lib/ruby/gems/1.8/gems/actionpack-2.2.2/lib/action_controller/dispatcher.rb:110:in `dispatch_unlocked'
    /opt/local/lib/ruby/gems/1.8/gems/actionpack-2.2.2/lib/action_controller/dispatcher.rb:123:in `dispatch'
    /opt/local/lib/ruby/gems/1.8/gems/actionpack-2.2.2/lib/action_controller/dispatcher.rb:122:in `synchronize'
    /opt/local/lib/ruby/gems/1.8/gems/actionpack-2.2.2/lib/action_controller/dispatcher.rb:122:in `dispatch'
    /opt/local/lib/ruby/gems/1.8/gems/actionpack-2.2.2/lib/action_controller/dispatcher.rb:132:in `dispatch_cgi'
    /opt/local/lib/ruby/gems/1.8/gems/actionpack-2.2.2/lib/action_controller/dispatcher.rb:39:in `dispatch'
    /opt/local/lib/ruby/gems/1.8/gems/rails-2.2.2/lib/webrick_server.rb:103:in `handle_dispatch'
    /opt/local/lib/ruby/gems/1.8/gems/rails-2.2.2/lib/webrick_server.rb:74:in `service'
    /opt/local/lib/ruby/1.8/webrick/httpserver.rb:104:in `service'
    /opt/local/lib/ruby/1.8/webrick/httpserver.rb:65:in `run'
    /opt/local/lib/ruby/1.8/webrick/server.rb:173:in `start_thread'
    /opt/local/lib/ruby/1.8/webrick/server.rb:162:in `start'
    /opt/local/lib/ruby/1.8/webrick/server.rb:162:in `start_thread'
    /opt/local/lib/ruby/1.8/webrick/server.rb:95:in `start'
    /opt/local/lib/ruby/1.8/webrick/server.rb:92:in `each'
    /opt/local/lib/ruby/1.8/webrick/server.rb:92:in `start'
    /opt/local/lib/ruby/1.8/webrick/server.rb:23:in `start'
    /opt/local/lib/ruby/1.8/webrick/server.rb:82:in `start'
    /opt/local/lib/ruby/gems/1.8/gems/rails-2.2.2/lib/webrick_server.rb:60:in `dispatch'
    /opt/local/lib/ruby/gems/1.8/gems/rails-2.2.2/lib/commands/servers/webrick.rb:66
    /opt/local/lib/ruby/site_ruby/1.8/rubygems/custom_require.rb:31:in `gem_original_require'
    /opt/local/lib/ruby/site_ruby/1.8/rubygems/custom_require.rb:31:in `require'
    /opt/local/lib/ruby/gems/1.8/gems/activesupport-2.2.2/lib/active_support/dependencies.rb:153:in `require'
    /opt/local/lib/ruby/gems/1.8/gems/activesupport-2.2.2/lib/active_support/dependencies.rb:521:in `new_constants_in'
    /opt/local/lib/ruby/gems/1.8/gems/activesupport-2.2.2/lib/active_support/dependencies.rb:153:in `require'
    /opt/local/lib/ruby/gems/1.8/gems/rails-2.2.2/lib/commands/server.rb:49
    /opt/local/lib/ruby/site_ruby/1.8/rubygems/custom_require.rb:31:in `gem_original_require'
    /opt/local/lib/ruby/site_ruby/1.8/rubygems/custom_require.rb:31:in `require'
    script/server:3

Rendering /opt/local/lib/ruby/gems/1.8/gems/actionpack-2.2.2/lib/action_controller/templates/rescues/layout.erb (not_found)
